This file contains any messages produced by compilers while
running configure, to aid debugging if configure makes a mistake.

It was created by libiLBC configure 0.1, which was
generated by GNU Autoconf 2.69.  Invocation command line was

  $ ./configure 

## --------- ##
## Platform. ##
## --------- ##

hostname = eb15a455f3b8
uname -m = x86_64
uname -r = 4.9.125-linuxkit
uname -s = Linux
uname -v = #1 SMP Fri Sep 7 08:20:28 UTC 2018

/usr/bin/uname -p = unknown
/bin/uname -X     = unknown

/bin/arch              = unknown
/usr/bin/arch -k       = unknown
/usr/convex/getsysinfo = unknown
/usr/bin/hostinfo      = unknown
/bin/machine           = unknown
/usr/bin/oslevel       = unknown
/bin/universe          = unknown

PATH: /usr/local/sbin
PATH: /usr/local/bin
PATH: /usr/sbin
PATH: /usr/bin
PATH: /sbin
PATH: /bin


## ----------- ##
## Core tests. ##
## ----------- ##

configure:2180: checking for a BSD-compatible install
configure:2248: result: /usr/bin/install -c
configure:2259: checking whether build environment is sane
configure:2314: result: yes
configure:2465: checking for a thread-safe mkdir -p
configure:2504: result: /bin/mkdir -p
configure:2511: checking for gawk
configure:2541: result: no
configure:2511: checking for mawk
configure:2527: found /usr/bin/mawk
configure:2538: result: mawk
configure:2549: checking whether make sets $(MAKE)
configure:2571: result: yes
configure:2600: checking whether make supports nested variables
configure:2617: result: yes
configure:2796: checking for gcc
configure:2812: found /usr/bin/gcc
configure:2823: result: gcc
configure:3052: checking for C compiler version
configure:3061: gcc --version >&5
gcc (Ubuntu 7.4.0-1ubuntu1~18.04) 7.4.0
Copyright (C) 2017 Free Software Foundation, Inc.
This is free software; see the source for copying conditions.  There is NO
warranty; not even for MERCHANTABILITY or FITNESS FOR A PARTICULAR PURPOSE.

configure:3072: $? = 0
configure:3061: gcc -v >&5
Using built-in specs.
COLLECT_GCC=gcc
COLLECT_LTO_WRAPPER=/usr/lib/gcc/x86_64-linux-gnu/7/lto-wrapper
OFFLOAD_TARGET_NAMES=nvptx-none
OFFLOAD_TARGET_DEFAULT=1
Target: x86_64-linux-gnu
Configured with: ../src/configure -v --with-pkgversion='Ubuntu 7.4.0-1ubuntu1~18.04' --with-bugurl=file:///usr/share/doc/gcc-7/README.Bugs --enable-languages=c,ada,c++,go,brig,d,fortran,objc,obj-c++ --prefix=/usr --with-gcc-major-version-only --program-suffix=-7 --program-prefix=x86_64-linux-gnu- --enable-shared --enable-linker-build-id --libexecdir=/usr/lib --without-included-gettext --enable-threads=posix --libdir=/usr/lib --enable-nls --with-sysroot=/ --enable-clocale=gnu --enable-libstdcxx-debug --enable-libstdcxx-time=yes --with-default-libstdcxx-abi=new --enable-gnu-unique-object --disable-vtable-verify --enable-libmpx --enable-plugin --enable-default-pie --with-system-zlib --with-target-system-zlib --enable-objc-gc=auto --enable-multiarch --disable-werror --with-arch-32=i686 --with-abi=m64 --with-multilib-list=m32,m64,mx32 --enable-multilib --with-tune=generic --enable-offload-targets=nvptx-none --without-cuda-driver --enable-checking=release --build=x86_64-linux-gnu --host=x86_64-linux-gnu --target=x86_64-linux-gnu
Thread model: posix
gcc version 7.4.0 (Ubuntu 7.4.0-1ubuntu1~18.04) 
configure:3072: $? = 0
configure:3061: gcc -V >&5
gcc: error: unrecognized command line option '-V'
gcc: fatal error: no input files
compilation terminated.
configure:3072: $? = 1
configure:3061: gcc -qversion >&5
gcc: error: unrecognized command line option '-qversion'; did you mean '--version'?
gcc: fatal error: no input files
compilation terminated.
configure:3072: $? = 1
configure:3092: checking whether the C compiler works
configure:3114: gcc    conftest.c  >&5
configure:3118: $? = 0
configure:3166: result: yes
configure:3169: checking for C compiler default output file name
configure:3171: result: a.out
configure:3177: checking for suffix of executables
configure:3184: gcc -o conftest    conftest.c  >&5
configure:3188: $? = 0
configure:3210: result: 
configure:3232: checking whether we are cross compiling
configure:3240: gcc -o conftest    conftest.c  >&5
configure:3244: $? = 0
configure:3251: ./conftest
configure:3255: $? = 0
configure:3270: result: no
configure:3275: checking for suffix of object files
configure:3297: gcc -c   conftest.c >&5
configure:3301: $? = 0
configure:3322: result: o
configure:3326: checking whether we are using the GNU C compiler
configure:3345: gcc -c   conftest.c >&5
configure:3345: $? = 0
configure:3354: result: yes
configure:3363: checking whether gcc accepts -g
configure:3383: gcc -c -g  conftest.c >&5
configure:3383: $? = 0
configure:3424: result: yes
configure:3441: checking for gcc option to accept ISO C89
configure:3504: gcc  -c -g -O2  conftest.c >&5
configure:3504: $? = 0
configure:3517: result: none needed
configure:3542: checking whether gcc understands -c and -o together
configure:3564: gcc -c conftest.c -o conftest2.o
configure:3567: $? = 0
configure:3564: gcc -c conftest.c -o conftest2.o
configure:3567: $? = 0
configure:3579: result: yes
configure:3607: checking for style of include used by make
configure:3635: result: GNU
configure:3661: checking dependency style of gcc
configure:3772: result: gcc3
configure:3819: checking build system type
configure:3833: result: x86_64-pc-linux-gnu
configure:3853: checking host system type
configure:3866: result: x86_64-pc-linux-gnu
configure:3907: checking how to print strings
configure:3934: result: printf
configure:3955: checking for a sed that does not truncate output
configure:4019: result: /bin/sed
configure:4037: checking for grep that handles long lines and -e
configure:4095: result: /bin/grep
configure:4100: checking for egrep
configure:4162: result: /bin/grep -E
configure:4167: checking for fgrep
configure:4229: result: /bin/grep -F
configure:4264: checking for ld used by gcc
configure:4331: result: /usr/bin/ld
configure:4338: checking if the linker (/usr/bin/ld) is GNU ld
configure:4353: result: yes
configure:4365: checking for BSD- or MS-compatible name lister (nm)
configure:4419: result: /usr/bin/nm -B
configure:4549: checking the name lister (/usr/bin/nm -B) interface
configure:4556: gcc -c -g -O2  conftest.c >&5
configure:4559: /usr/bin/nm -B "conftest.o"
configure:4562: output
0000000000000000 B some_variable
configure:4569: result: BSD nm
configure:4572: checking whether ln -s works
configure:4576: result: yes
configure:4584: checking the maximum length of command line arguments
configure:4715: result: 1572864
configure:4763: checking how to convert x86_64-pc-linux-gnu file names to x86_64-pc-linux-gnu format
configure:4803: result: func_convert_file_noop
configure:4810: checking how to convert x86_64-pc-linux-gnu file names to toolchain format
configure:4830: result: func_convert_file_noop
configure:4837: checking for /usr/bin/ld option to reload object files
configure:4844: result: -r
configure:4918: checking for objdump
configure:4934: found /usr/bin/objdump
configure:4945: result: objdump
configure:4977: checking how to recognize dependent libraries
configure:5177: result: pass_all
configure:5262: checking for dlltool
configure:5292: result: no
configure:5322: checking how to associate runtime and link libraries
configure:5349: result: printf %s\n
configure:5410: checking for ar
configure:5426: found /usr/bin/ar
configure:5437: result: ar
configure:5474: checking for archiver @FILE support
configure:5491: gcc -c -g -O2  conftest.c >&5
configure:5491: $? = 0
configure:5494: ar cru libconftest.a @conftest.lst >&5
ar: `u' modifier ignored since `D' is the default (see `U')
configure:5497: $? = 0
configure:5502: ar cru libconftest.a @conftest.lst >&5
ar: `u' modifier ignored since `D' is the default (see `U')
ar: conftest.o: No such file or directory
configure:5505: $? = 1
configure:5517: result: @
configure:5575: checking for strip
configure:5591: found /usr/bin/strip
configure:5602: result: strip
configure:5674: checking for ranlib
configure:5690: found /usr/bin/ranlib
configure:5701: result: ranlib
configure:5803: checking command to parse /usr/bin/nm -B output from gcc object
configure:5956: gcc -c -g -O2  conftest.c >&5
configure:5959: $? = 0
configure:5963: /usr/bin/nm -B conftest.o \| sed -n -e 's/^.*[ ]\([ABCDGIRSTW][ABCDGIRSTW]*\)[ ][ ]*\([_A-Za-z][_A-Za-z0-9]*\)$/\1 \2 \2/p' | sed '/ __gnu_lto/d' \> conftest.nm
configure:5966: $? = 0
configure:6032: gcc -o conftest -g -O2   conftest.c conftstm.o >&5
configure:6035: $? = 0
configure:6073: result: ok
configure:6120: checking for sysroot
configure:6150: result: no
configure:6157: checking for a working dd
configure:6195: result: /bin/dd
configure:6199: checking how to truncate binary pipes
configure:6214: result: /bin/dd bs=4096 count=1
configure:6350: gcc -c -g -O2  conftest.c >&5
configure:6353: $? = 0
configure:6543: checking for mt
configure:6573: result: no
configure:6593: checking if : is a manifest tool
configure:6599: : '-?'
configure:6607: result: no
configure:7284: checking how to run the C preprocessor
configure:7315: gcc -E  conftest.c
configure:7315: $? = 0
configure:7329: gcc -E  conftest.c
conftest.c:11:10: fatal error: ac_nonexistent.h: No such file or directory
 #include <ac_nonexistent.h>
          ^~~~~~~~~~~~~~~~~~
compilation terminated.
configure:7329: $? = 1
configure: failed program was:
| /* confdefs.h */
| #define PACKAGE_NAME "libiLBC"
| #define PACKAGE_TARNAME "libilbc"
| #define PACKAGE_VERSION "0.1"
| #define PACKAGE_STRING "libiLBC 0.1"
| #define PACKAGE_BUGREPORT "diopmamadou(at)doubango(DOT)org"
| #define PACKAGE_URL ""
| #define PACKAGE "libilbc"
| #define VERSION "0.1"
| /* end confdefs.h.  */
| #include <ac_nonexistent.h>
configure:7354: result: gcc -E
configure:7374: gcc -E  conftest.c
configure:7374: $? = 0
configure:7388: gcc -E  conftest.c
conftest.c:11:10: fatal error: ac_nonexistent.h: No such file or directory
 #include <ac_nonexistent.h>
          ^~~~~~~~~~~~~~~~~~
compilation terminated.
configure:7388: $? = 1
configure: failed program was:
| /* confdefs.h */
| #define PACKAGE_NAME "libiLBC"
| #define PACKAGE_TARNAME "libilbc"
| #define PACKAGE_VERSION "0.1"
| #define PACKAGE_STRING "libiLBC 0.1"
| #define PACKAGE_BUGREPORT "diopmamadou(at)doubango(DOT)org"
| #define PACKAGE_URL ""
| #define PACKAGE "libilbc"
| #define VERSION "0.1"
| /* end confdefs.h.  */
| #include <ac_nonexistent.h>
configure:7417: checking for ANSI C header files
configure:7437: gcc -c -g -O2  conftest.c >&5
configure:7437: $? = 0
configure:7510: gcc -o conftest -g -O2   conftest.c  >&5
configure:7510: $? = 0
configure:7510: ./conftest
configure:7510: $? = 0
configure:7521: result: yes
configure:7534: checking for sys/types.h
configure:7534: gcc -c -g -O2  conftest.c >&5
configure:7534: $? = 0
configure:7534: result: yes
configure:7534: checking for sys/stat.h
configure:7534: gcc -c -g -O2  conftest.c >&5
configure:7534: $? = 0
configure:7534: result: yes
configure:7534: checking for stdlib.h
configure:7534: gcc -c -g -O2  conftest.c >&5
configure:7534: $? = 0
configure:7534: result: yes
configure:7534: checking for string.h
configure:7534: gcc -c -g -O2  conftest.c >&5
configure:7534: $? = 0
configure:7534: result: yes
configure:7534: checking for memory.h
configure:7534: gcc -c -g -O2  conftest.c >&5
configure:7534: $? = 0
configure:7534: result: yes
configure:7534: checking for strings.h
configure:7534: gcc -c -g -O2  conftest.c >&5
configure:7534: $? = 0
configure:7534: result: yes
configure:7534: checking for inttypes.h
configure:7534: gcc -c -g -O2  conftest.c >&5
configure:7534: $? = 0
configure:7534: result: yes
configure:7534: checking for stdint.h
configure:7534: gcc -c -g -O2  conftest.c >&5
configure:7534: $? = 0
configure:7534: result: yes
configure:7534: checking for unistd.h
configure:7534: gcc -c -g -O2  conftest.c >&5
configure:7534: $? = 0
configure:7534: result: yes
configure:7548: checking for dlfcn.h
configure:7548: gcc -c -g -O2  conftest.c >&5
configure:7548: $? = 0
configure:7548: result: yes
configure:7804: checking for objdir
configure:7819: result: .libs
configure:8083: checking if gcc supports -fno-rtti -fno-exceptions
configure:8101: gcc -c -g -O2  -fno-rtti -fno-exceptions conftest.c >&5
cc1: warning: command line option '-fno-rtti' is valid for C++/ObjC++ but not for C
configure:8105: $? = 0
configure:8118: result: no
configure:8476: checking for gcc option to produce PIC
configure:8483: result: -fPIC -DPIC
configure:8491: checking if gcc PIC flag -fPIC -DPIC works
configure:8509: gcc -c -g -O2  -fPIC -DPIC -DPIC conftest.c >&5
configure:8513: $? = 0
configure:8526: result: yes
configure:8555: checking if gcc static flag -static works
configure:8583: result: yes
configure:8598: checking if gcc supports -c -o file.o
configure:8619: gcc -c -g -O2  -o out/conftest2.o conftest.c >&5
configure:8623: $? = 0
configure:8645: result: yes
configure:8653: checking if gcc supports -c -o file.o
configure:8700: result: yes
configure:8733: checking whether the gcc linker (/usr/bin/ld -m elf_x86_64) supports shared libraries
configure:9996: result: yes
configure:10033: checking whether -lc should be explicitly linked in
configure:10041: gcc -c -g -O2  conftest.c >&5
configure:10044: $? = 0
configure:10059: gcc -shared  -fPIC -DPIC conftest.o  -v -Wl,-soname -Wl,conftest -o conftest 2\>\&1 \| /bin/grep  -lc  \>/dev/null 2\>\&1
configure:10062: $? = 0
configure:10076: result: no
configure:10236: checking dynamic linker characteristics
configure:10817: gcc -o conftest -g -O2   -Wl,-rpath -Wl,/foo conftest.c  >&5
configure:10817: $? = 0
configure:11066: result: GNU/Linux ld.so
configure:11188: checking how to hardcode library paths into programs
configure:11213: result: immediate
configure:11761: checking whether stripping libraries is possible
configure:11766: result: yes
configure:11801: checking if libtool supports shared libraries
configure:11803: result: yes
configure:11806: checking whether to build shared libraries
configure:11831: result: yes
configure:11834: checking whether to build static libraries
configure:11838: result: yes
configure:12173: checking for a sed that does not truncate output
configure:12237: result: /bin/sed
configure:12243: checking whether make sets $(MAKE)
configure:12265: result: yes
configure:12386: checking that generated files are newer than configure
configure:12392: result: done
configure:12415: creating ./config.status

## ---------------------- ##
## Running config.status. ##
## ---------------------- ##

This file was extended by libiLBC config.status 0.1, which was
generated by GNU Autoconf 2.69.  Invocation command line was

  CONFIG_FILES    = 
  CONFIG_HEADERS  = 
  CONFIG_LINKS    = 
  CONFIG_COMMANDS = 
  $ ./config.status 

on eb15a455f3b8

config.status:1086: creating Makefile
config.status:1086: creating config.h
config.status:1315: executing depfiles commands
config.status:1315: executing libtool commands

## ---------------- ##
## Cache variables. ##
## ---------------- ##

ac_cv_build=x86_64-pc-linux-gnu
ac_cv_c_compiler_gnu=yes
ac_cv_env_CC_set=
ac_cv_env_CC_value=
ac_cv_env_CFLAGS_set=
ac_cv_env_CFLAGS_value=
ac_cv_env_CPPFLAGS_set=
ac_cv_env_CPPFLAGS_value=
ac_cv_env_CPP_set=
ac_cv_env_CPP_value=
ac_cv_env_LDFLAGS_set=
ac_cv_env_LDFLAGS_value=
ac_cv_env_LIBS_set=
ac_cv_env_LIBS_value=
ac_cv_env_LT_SYS_LIBRARY_PATH_set=
ac_cv_env_LT_SYS_LIBRARY_PATH_value=
ac_cv_env_build_alias_set=
ac_cv_env_build_alias_value=
ac_cv_env_host_alias_set=
ac_cv_env_host_alias_value=
ac_cv_env_target_alias_set=
ac_cv_env_target_alias_value=
ac_cv_header_dlfcn_h=yes
ac_cv_header_inttypes_h=yes
ac_cv_header_memory_h=yes
ac_cv_header_stdc=yes
ac_cv_header_stdint_h=yes
ac_cv_header_stdlib_h=yes
ac_cv_header_string_h=yes
ac_cv_header_strings_h=yes
ac_cv_header_sys_stat_h=yes
ac_cv_header_sys_types_h=yes
ac_cv_header_unistd_h=yes
ac_cv_host=x86_64-pc-linux-gnu
ac_cv_objext=o
ac_cv_path_EGREP='/bin/grep -E'
ac_cv_path_FGREP='/bin/grep -F'
ac_cv_path_GREP=/bin/grep
ac_cv_path_SED=/bin/sed
ac_cv_path_install='/usr/bin/install -c'
ac_cv_path_lt_DD=/bin/dd
ac_cv_path_mkdir=/bin/mkdir
ac_cv_prog_AWK=mawk
ac_cv_prog_CPP='gcc -E'
ac_cv_prog_ac_ct_AR=ar
ac_cv_prog_ac_ct_CC=gcc
ac_cv_prog_ac_ct_OBJDUMP=objdump
ac_cv_prog_ac_ct_RANLIB=ranlib
ac_cv_prog_ac_ct_STRIP=strip
ac_cv_prog_cc_c89=
ac_cv_prog_cc_g=yes
ac_cv_prog_make_make_set=yes
am_cv_CC_dependencies_compiler_type=gcc3
am_cv_make_support_nested_variables=yes
am_cv_prog_cc_c_o=yes
lt_cv_ar_at_file=@
lt_cv_archive_cmds_need_lc=no
lt_cv_deplibs_check_method=pass_all
lt_cv_file_magic_cmd='$MAGIC_CMD'
lt_cv_file_magic_test_file=
lt_cv_ld_reload_flag=-r
lt_cv_nm_interface='BSD nm'
lt_cv_objdir=.libs
lt_cv_path_LD=/usr/bin/ld
lt_cv_path_NM='/usr/bin/nm -B'
lt_cv_path_mainfest_tool=no
lt_cv_prog_compiler_c_o=yes
lt_cv_prog_compiler_pic='-fPIC -DPIC'
lt_cv_prog_compiler_pic_works=yes
lt_cv_prog_compiler_rtti_exceptions=no
lt_cv_prog_compiler_static_works=yes
lt_cv_prog_gnu_ld=yes
lt_cv_sharedlib_from_linklib_cmd='printf %s\n'
lt_cv_shlibpath_overrides_runpath=yes
lt_cv_sys_global_symbol_pipe='sed -n -e '\''s/^.*[	 ]\([ABCDGIRSTW][ABCDGIRSTW]*\)[	 ][	 ]*\([_A-Za-z][_A-Za-z0-9]*\)$/\1 \2 \2/p'\'' | sed '\''/ __gnu_lto/d'\'''
lt_cv_sys_global_symbol_to_c_name_address='sed -n -e '\''s/^: \(.*\) .*$/  {"\1", (void *) 0},/p'\'' -e '\''s/^[ABCDGIRSTW][ABCDGIRSTW]* .* \(.*\)$/  {"\1", (void *) \&\1},/p'\'''
lt_cv_sys_global_symbol_to_c_name_address_lib_prefix='sed -n -e '\''s/^: \(.*\) .*$/  {"\1", (void *) 0},/p'\'' -e '\''s/^[ABCDGIRSTW][ABCDGIRSTW]* .* \(lib.*\)$/  {"\1", (void *) \&\1},/p'\'' -e '\''s/^[ABCDGIRSTW][ABCDGIRSTW]* .* \(.*\)$/  {"lib\1", (void *) \&\1},/p'\'''
lt_cv_sys_global_symbol_to_cdecl='sed -n -e '\''s/^T .* \(.*\)$/extern int \1();/p'\'' -e '\''s/^[ABCDGIRSTW][ABCDGIRSTW]* .* \(.*\)$/extern char \1;/p'\'''
lt_cv_sys_global_symbol_to_import=
lt_cv_sys_max_cmd_len=1572864
lt_cv_to_host_file_cmd=func_convert_file_noop
lt_cv_to_tool_file_cmd=func_convert_file_noop
lt_cv_truncate_bin='/bin/dd bs=4096 count=1'

## ----------------- ##
## Output variables. ##
## ----------------- ##

ACLOCAL='${SHELL} /opt/build/doubango/thirdparties/scripts/ilbc/missing aclocal-1.15'
AMDEPBACKSLASH='\'
AMDEP_FALSE='#'
AMDEP_TRUE=''
AMTAR='$${TAR-tar}'
AM_BACKSLASH='\'
AM_DEFAULT_V='$(AM_DEFAULT_VERBOSITY)'
AM_DEFAULT_VERBOSITY='1'
AM_V='$(V)'
AR='ar'
AS='as'
AUTOCONF='${SHELL} /opt/build/doubango/thirdparties/scripts/ilbc/missing autoconf'
AUTOHEADER='${SHELL} /opt/build/doubango/thirdparties/scripts/ilbc/missing autoheader'
AUTOMAKE='${SHELL} /opt/build/doubango/thirdparties/scripts/ilbc/missing automake-1.15'
AWK='mawk'
CC='gcc'
CCDEPMODE='depmode=gcc3'
CFLAGS='-g -O2'
CPP='gcc -E'
CPPFLAGS=''
CYGPATH_W='echo'
DEFS='-DHAVE_CONFIG_H'
DEPDIR='.deps'
DLLTOOL='false'
DSYMUTIL=''
DUMPBIN=''
ECHO_C=''
ECHO_N='-n'
ECHO_T=''
EGREP='/bin/grep -E'
EXEEXT=''
FGREP='/bin/grep -F'
GREP='/bin/grep'
INSTALL_DATA='${INSTALL} -m 644'
INSTALL_PROGRAM='${INSTALL}'
INSTALL_SCRIPT='${INSTALL}'
INSTALL_STRIP_PROGRAM='$(install_sh) -c -s'
LD='/usr/bin/ld -m elf_x86_64'
LDFLAGS=''
LIBOBJS=''
LIBS=''
LIBTOOL='$(SHELL) $(top_builddir)/libtool'
LIPO=''
LN_S='ln -s'
LTLIBOBJS=''
LT_SYS_LIBRARY_PATH=''
MAKEINFO='${SHELL} /opt/build/doubango/thirdparties/scripts/ilbc/missing makeinfo'
MANIFEST_TOOL=':'
MKDIR_P='/bin/mkdir -p'
NM='/usr/bin/nm -B'
NMEDIT=''
OBJDUMP='objdump'
OBJEXT='o'
OTOOL64=''
OTOOL=''
PACKAGE='libilbc'
PACKAGE_BUGREPORT='diopmamadou(at)doubango(DOT)org'
PACKAGE_NAME='libiLBC'
PACKAGE_STRING='libiLBC 0.1'
PACKAGE_TARNAME='libilbc'
PACKAGE_URL=''
PACKAGE_VERSION='0.1'
PATH_SEPARATOR=':'
RANLIB='ranlib'
SED='/bin/sed'
SET_MAKE=''
SHELL='/bin/bash'
STRIP='strip'
VERSION='0.1'
ac_ct_AR='ar'
ac_ct_CC='gcc'
ac_ct_DUMPBIN=''
am__EXEEXT_FALSE=''
am__EXEEXT_TRUE='#'
am__fastdepCC_FALSE='#'
am__fastdepCC_TRUE=''
am__include='include'
am__isrc=''
am__leading_dot='.'
am__nodep='_no'
am__quote=''
am__tar='$${TAR-tar} chof - "$$tardir"'
am__untar='$${TAR-tar} xf -'
bindir='${exec_prefix}/bin'
build='x86_64-pc-linux-gnu'
build_alias=''
build_cpu='x86_64'
build_os='linux-gnu'
build_vendor='pc'
datadir='${datarootdir}'
datarootdir='${prefix}/share'
docdir='${datarootdir}/doc/${PACKAGE_TARNAME}'
dvidir='${docdir}'
exec_prefix='${prefix}'
host='x86_64-pc-linux-gnu'
host_alias=''
host_cpu='x86_64'
host_os='linux-gnu'
host_vendor='pc'
htmldir='${docdir}'
includedir='${prefix}/include'
infodir='${datarootdir}/info'
install_sh='${SHELL} /opt/build/doubango/thirdparties/scripts/ilbc/install-sh'
libdir='${exec_prefix}/lib'
libexecdir='${exec_prefix}/libexec'
localedir='${datarootdir}/locale'
localstatedir='${prefix}/var'
mandir='${datarootdir}/man'
mkdir_p='$(MKDIR_P)'
oldincludedir='/usr/include'
pdfdir='${docdir}'
prefix='/usr/local'
program_transform_name='s,x,x,'
psdir='${docdir}'
runstatedir='${localstatedir}/run'
sbindir='${exec_prefix}/sbin'
sharedstatedir='${prefix}/com'
sysconfdir='${prefix}/etc'
target_alias=''

## ----------- ##
## confdefs.h. ##
## ----------- ##

/* confdefs.h */
#define PACKAGE_NAME "libiLBC"
#define PACKAGE_TARNAME "libilbc"
#define PACKAGE_VERSION "0.1"
#define PACKAGE_STRING "libiLBC 0.1"
#define PACKAGE_BUGREPORT "diopmamadou(at)doubango(DOT)org"
#define PACKAGE_URL ""
#define PACKAGE "libilbc"
#define VERSION "0.1"
#define STDC_HEADERS 1
#define HAVE_SYS_TYPES_H 1
#define HAVE_SYS_STAT_H 1
#define HAVE_STDLIB_H 1
#define HAVE_STRING_H 1
#define HAVE_MEMORY_H 1
#define HAVE_STRINGS_H 1
#define HAVE_INTTYPES_H 1
#define HAVE_STDINT_H 1
#define HAVE_UNISTD_H 1
#define HAVE_DLFCN_H 1
#define LT_OBJDIR ".libs/"

configure: exit 0
